# Logfile created on 2014-01-03 11:33:46 +0530 by logger.rb/44203
I, [2014-01-03T11:33:46.976260 #8171]  INFO -- : 0:  rake (10.1.1) from /home/vikas/.rvm/gems/ruby-2.1.0/specifications/rake-10.1.1.gemspec
I, [2014-01-03T11:33:46.976978 #8171]  INFO -- : 0:  i18n (0.6.9) from /home/vikas/.rvm/gems/ruby-2.1.0/specifications/i18n-0.6.9.gemspec
I, [2014-01-03T11:33:47.129966 #8171]  INFO -- : 0:  minitest (4.7.5) from /home/vikas/.rvm/gems/ruby-2.1.0/specifications/minitest-4.7.5.gemspec
I, [2014-01-03T11:33:47.130806 #8171]  INFO -- : 0:  multi_json (1.8.2) from /home/vikas/.rvm/gems/ruby-2.1.0/specifications/multi_json-1.8.2.gemspec
I, [2014-01-03T11:33:47.131426 #8171]  INFO -- : 0:  atomic (1.1.14) from /home/vikas/.rvm/gems/ruby-2.1.0/specifications/atomic-1.1.14.gemspec
I, [2014-01-03T11:33:47.132091 #8171]  INFO -- : 0:  thread_safe (0.1.3) from /home/vikas/.rvm/gems/ruby-2.1.0/specifications/thread_safe-0.1.3.gemspec
I, [2014-01-03T11:33:47.132805 #8171]  INFO -- : 0:  tzinfo (0.3.38) from /home/vikas/.rvm/gems/ruby-2.1.0/specifications/tzinfo-0.3.38.gemspec
I, [2014-01-03T11:33:47.133513 #8171]  INFO -- : 0:  activesupport (4.0.2) from /home/vikas/.rvm/gems/ruby-2.1.0/specifications/activesupport-4.0.2.gemspec
I, [2014-01-03T11:33:47.134171 #8171]  INFO -- : 0:  builder (3.1.4) from /home/vikas/.rvm/gems/ruby-2.1.0/specifications/builder-3.1.4.gemspec
I, [2014-01-03T11:33:47.134843 #8171]  INFO -- : 0:  erubis (2.7.0) from /home/vikas/.rvm/gems/ruby-2.1.0/specifications/erubis-2.7.0.gemspec
I, [2014-01-03T11:33:47.138860 #8171]  INFO -- : 0:  rack (1.5.2) from /home/vikas/.rvm/gems/ruby-2.1.0/specifications/rack-1.5.2.gemspec
I, [2014-01-03T11:33:47.139604 #8171]  INFO -- : 0:  rack-test (0.6.2) from /home/vikas/.rvm/gems/ruby-2.1.0/specifications/rack-test-0.6.2.gemspec
I, [2014-01-03T11:33:47.140330 #8171]  INFO -- : 0:  actionpack (4.0.2) from /home/vikas/.rvm/gems/ruby-2.1.0/specifications/actionpack-4.0.2.gemspec
I, [2014-01-03T11:33:47.141045 #8171]  INFO -- : 0:  mime-types (1.25.1) from /home/vikas/.rvm/gems/ruby-2.1.0/specifications/mime-types-1.25.1.gemspec
I, [2014-01-03T11:33:47.141709 #8171]  INFO -- : 0:  polyglot (0.3.3) from /home/vikas/.rvm/gems/ruby-2.1.0/specifications/polyglot-0.3.3.gemspec
I, [2014-01-03T11:33:47.142394 #8171]  INFO -- : 0:  treetop (1.4.15) from /home/vikas/.rvm/gems/ruby-2.1.0/specifications/treetop-1.4.15.gemspec
I, [2014-01-03T11:33:47.143054 #8171]  INFO -- : 0:  mail (2.5.4) from /home/vikas/.rvm/gems/ruby-2.1.0/specifications/mail-2.5.4.gemspec
I, [2014-01-03T11:33:47.143766 #8171]  INFO -- : 0:  actionmailer (4.0.2) from /home/vikas/.rvm/gems/ruby-2.1.0/specifications/actionmailer-4.0.2.gemspec
I, [2014-01-03T11:33:47.144430 #8171]  INFO -- : 0:  activemodel (4.0.2) from /home/vikas/.rvm/gems/ruby-2.1.0/specifications/activemodel-4.0.2.gemspec
I, [2014-01-03T11:33:47.145279 #8171]  INFO -- : 0:  activerecord-deprecated_finders (1.0.3) from /home/vikas/.rvm/gems/ruby-2.1.0/specifications/activerecord-deprecated_finders-1.0.3.gemspec
I, [2014-01-03T11:33:47.146016 #8171]  INFO -- : 0:  arel (4.0.1) from /home/vikas/.rvm/gems/ruby-2.1.0/specifications/arel-4.0.1.gemspec
I, [2014-01-03T11:33:47.146698 #8171]  INFO -- : 0:  activerecord (4.0.2) from /home/vikas/.rvm/gems/ruby-2.1.0/specifications/activerecord-4.0.2.gemspec
I, [2014-01-03T11:33:47.147363 #8171]  INFO -- : 0:  bundler (1.5.0) from /home/vikas/.rvm/gems/ruby-2.1.0@global/specifications/bundler-1.5.0.gemspec
I, [2014-01-03T11:33:47.148020 #8171]  INFO -- : 0:  eventmachine (1.0.3) from /home/vikas/.rvm/gems/ruby-2.1.0/specifications/eventmachine-1.0.3.gemspec
I, [2014-01-03T11:33:47.148722 #8171]  INFO -- : 0:  http_parser.rb (0.5.3) from /home/vikas/.rvm/gems/ruby-2.1.0/specifications/http_parser.rb-0.5.3.gemspec
I, [2014-01-03T11:33:47.149373 #8171]  INFO -- : 0:  em-websocket (0.5.0) from /home/vikas/.rvm/gems/ruby-2.1.0/specifications/em-websocket-0.5.0.gemspec
I, [2014-01-03T11:33:47.149991 #8171]  INFO -- : 0:  hike (1.2.3) from /home/vikas/.rvm/gems/ruby-2.1.0/specifications/hike-1.2.3.gemspec
I, [2014-01-03T11:33:50.267696 #8171]  INFO -- : 0:  json (1.8.1) from /home/vikas/.rvm/gems/ruby-2.1.0/specifications/json-1.8.1.gemspec
I, [2014-01-03T11:33:50.268566 #8171]  INFO -- : 0:  thor (0.18.1) from /home/vikas/.rvm/gems/ruby-2.1.0/specifications/thor-0.18.1.gemspec
I, [2014-01-03T11:33:50.269163 #8171]  INFO -- : 0:  railties (4.0.2) from /home/vikas/.rvm/gems/ruby-2.1.0/specifications/railties-4.0.2.gemspec
I, [2014-01-03T11:33:50.269893 #8171]  INFO -- : 0:  tilt (1.4.1) from /home/vikas/.rvm/gems/ruby-2.1.0/specifications/tilt-1.4.1.gemspec
I, [2014-01-03T11:33:50.270561 #8171]  INFO -- : 0:  sprockets (2.10.1) from /home/vikas/.rvm/gems/ruby-2.1.0/specifications/sprockets-2.10.1.gemspec
I, [2014-01-03T11:33:50.271308 #8171]  INFO -- : 0:  sprockets-rails (2.0.1) from /home/vikas/.rvm/gems/ruby-2.1.0/specifications/sprockets-rails-2.0.1.gemspec
I, [2014-01-03T11:33:50.271935 #8171]  INFO -- : 0:  rails (4.0.2) from /home/vikas/.rvm/gems/ruby-2.1.0/specifications/rails-4.0.2.gemspec
I, [2014-01-03T11:33:50.272456 #8171]  INFO -- : 0:  redis (3.0.6) from /home/vikas/.rvm/gems/ruby-2.1.0/specifications/redis-3.0.6.gemspec
I, [2014-01-03T11:34:16.991693 #8288]  INFO -- : 0:  rake (10.1.1) from /home/vikas/.rvm/gems/ruby-2.1.0/specifications/rake-10.1.1.gemspec
I, [2014-01-03T11:34:16.992242 #8288]  INFO -- : 0:  i18n (0.6.9) from /home/vikas/.rvm/gems/ruby-2.1.0/specifications/i18n-0.6.9.gemspec
I, [2014-01-03T11:34:17.121642 #8288]  INFO -- : 0:  minitest (4.7.5) from /home/vikas/.rvm/gems/ruby-2.1.0/specifications/minitest-4.7.5.gemspec
I, [2014-01-03T11:34:17.122665 #8288]  INFO -- : 0:  multi_json (1.8.2) from /home/vikas/.rvm/gems/ruby-2.1.0/specifications/multi_json-1.8.2.gemspec
I, [2014-01-03T11:34:17.123423 #8288]  INFO -- : 0:  atomic (1.1.14) from /home/vikas/.rvm/gems/ruby-2.1.0/specifications/atomic-1.1.14.gemspec
I, [2014-01-03T11:34:17.124163 #8288]  INFO -- : 0:  thread_safe (0.1.3) from /home/vikas/.rvm/gems/ruby-2.1.0/specifications/thread_safe-0.1.3.gemspec
I, [2014-01-03T11:34:17.124893 #8288]  INFO -- : 0:  tzinfo (0.3.38) from /home/vikas/.rvm/gems/ruby-2.1.0/specifications/tzinfo-0.3.38.gemspec
I, [2014-01-03T11:34:17.125677 #8288]  INFO -- : 0:  activesupport (4.0.2) from /home/vikas/.rvm/gems/ruby-2.1.0/specifications/activesupport-4.0.2.gemspec
I, [2014-01-03T11:34:17.126368 #8288]  INFO -- : 0:  builder (3.1.4) from /home/vikas/.rvm/gems/ruby-2.1.0/specifications/builder-3.1.4.gemspec
I, [2014-01-03T11:34:17.127100 #8288]  INFO -- : 0:  erubis (2.7.0) from /home/vikas/.rvm/gems/ruby-2.1.0/specifications/erubis-2.7.0.gemspec
I, [2014-01-03T11:34:17.127818 #8288]  INFO -- : 0:  rack (1.5.2) from /home/vikas/.rvm/gems/ruby-2.1.0/specifications/rack-1.5.2.gemspec
I, [2014-01-03T11:34:17.128474 #8288]  INFO -- : 0:  rack-test (0.6.2) from /home/vikas/.rvm/gems/ruby-2.1.0/specifications/rack-test-0.6.2.gemspec
I, [2014-01-03T11:34:17.129154 #8288]  INFO -- : 0:  actionpack (4.0.2) from /home/vikas/.rvm/gems/ruby-2.1.0/specifications/actionpack-4.0.2.gemspec
I, [2014-01-03T11:34:17.129829 #8288]  INFO -- : 0:  mime-types (1.25.1) from /home/vikas/.rvm/gems/ruby-2.1.0/specifications/mime-types-1.25.1.gemspec
I, [2014-01-03T11:34:17.130499 #8288]  INFO -- : 0:  polyglot (0.3.3) from /home/vikas/.rvm/gems/ruby-2.1.0/specifications/polyglot-0.3.3.gemspec
I, [2014-01-03T11:34:17.131221 #8288]  INFO -- : 0:  treetop (1.4.15) from /home/vikas/.rvm/gems/ruby-2.1.0/specifications/treetop-1.4.15.gemspec
I, [2014-01-03T11:34:17.131930 #8288]  INFO -- : 0:  mail (2.5.4) from /home/vikas/.rvm/gems/ruby-2.1.0/specifications/mail-2.5.4.gemspec
I, [2014-01-03T11:34:17.132445 #8288]  INFO -- : 0:  actionmailer (4.0.2) from /home/vikas/.rvm/gems/ruby-2.1.0/specifications/actionmailer-4.0.2.gemspec
I, [2014-01-03T11:34:17.132943 #8288]  INFO -- : 0:  activemodel (4.0.2) from /home/vikas/.rvm/gems/ruby-2.1.0/specifications/activemodel-4.0.2.gemspec
I, [2014-01-03T11:34:17.133594 #8288]  INFO -- : 0:  activerecord-deprecated_finders (1.0.3) from /home/vikas/.rvm/gems/ruby-2.1.0/specifications/activerecord-deprecated_finders-1.0.3.gemspec
I, [2014-01-03T11:34:17.134318 #8288]  INFO -- : 0:  arel (4.0.1) from /home/vikas/.rvm/gems/ruby-2.1.0/specifications/arel-4.0.1.gemspec
I, [2014-01-03T11:34:17.135019 #8288]  INFO -- : 0:  activerecord (4.0.2) from /home/vikas/.rvm/gems/ruby-2.1.0/specifications/activerecord-4.0.2.gemspec
I, [2014-01-03T11:34:17.135719 #8288]  INFO -- : 0:  eventmachine (1.0.3) from /home/vikas/.rvm/gems/ruby-2.1.0/specifications/eventmachine-1.0.3.gemspec
I, [2014-01-03T11:34:17.136447 #8288]  INFO -- : 0:  http_parser.rb (0.5.3) from /home/vikas/.rvm/gems/ruby-2.1.0/specifications/http_parser.rb-0.5.3.gemspec
I, [2014-01-03T11:34:17.137131 #8288]  INFO -- : 0:  em-websocket (0.5.0) from /home/vikas/.rvm/gems/ruby-2.1.0/specifications/em-websocket-0.5.0.gemspec
I, [2014-01-03T11:34:17.137827 #8288]  INFO -- : 0:  hike (1.2.3) from /home/vikas/.rvm/gems/ruby-2.1.0/specifications/hike-1.2.3.gemspec
I, [2014-01-03T11:34:18.263402 #8288]  INFO -- : 0:  json (1.8.1) from /home/vikas/.rvm/gems/ruby-2.1.0/specifications/json-1.8.1.gemspec
I, [2014-01-03T11:34:18.264131 #8288]  INFO -- : 0:  bundler (1.5.0) from /home/vikas/.rvm/gems/ruby-2.1.0@global/specifications/bundler-1.5.0.gemspec
I, [2014-01-03T11:34:18.264560 #8288]  INFO -- : 0:  thor (0.18.1) from /home/vikas/.rvm/gems/ruby-2.1.0/specifications/thor-0.18.1.gemspec
I, [2014-01-03T11:34:18.264947 #8288]  INFO -- : 0:  railties (4.0.2) from /home/vikas/.rvm/gems/ruby-2.1.0/specifications/railties-4.0.2.gemspec
I, [2014-01-03T11:34:18.265320 #8288]  INFO -- : 0:  tilt (1.4.1) from /home/vikas/.rvm/gems/ruby-2.1.0/specifications/tilt-1.4.1.gemspec
I, [2014-01-03T11:34:18.265739 #8288]  INFO -- : 0:  sprockets (2.10.1) from /home/vikas/.rvm/gems/ruby-2.1.0/specifications/sprockets-2.10.1.gemspec
I, [2014-01-03T11:34:18.266198 #8288]  INFO -- : 0:  sprockets-rails (2.0.1) from /home/vikas/.rvm/gems/ruby-2.1.0/specifications/sprockets-rails-2.0.1.gemspec
I, [2014-01-03T11:34:18.266719 #8288]  INFO -- : 0:  rails (4.0.2) from /home/vikas/.rvm/gems/ruby-2.1.0/specifications/rails-4.0.2.gemspec
I, [2014-01-03T11:34:18.269209 #8288]  INFO -- : 0:  redis (3.0.6) from /home/vikas/.rvm/gems/ruby-2.1.0/specifications/redis-3.0.6.gemspec
I, [2014-01-03T11:35:50.516001 #8429]  INFO -- : 0:  rake (10.1.1) from /home/vikas/.rvm/gems/ruby-2.1.0/specifications/rake-10.1.1.gemspec
I, [2014-01-03T11:35:50.516765 #8429]  INFO -- : 0:  i18n (0.6.9) from /home/vikas/.rvm/gems/ruby-2.1.0/specifications/i18n-0.6.9.gemspec
I, [2014-01-03T11:35:50.666701 #8429]  INFO -- : 0:  minitest (4.7.5) from /home/vikas/.rvm/gems/ruby-2.1.0/specifications/minitest-4.7.5.gemspec
I, [2014-01-03T11:35:50.667677 #8429]  INFO -- : 0:  multi_json (1.8.2) from /home/vikas/.rvm/gems/ruby-2.1.0/specifications/multi_json-1.8.2.gemspec
I, [2014-01-03T11:35:50.668295 #8429]  INFO -- : 0:  atomic (1.1.14) from /home/vikas/.rvm/gems/ruby-2.1.0/specifications/atomic-1.1.14.gemspec
I, [2014-01-03T11:35:50.668946 #8429]  INFO -- : 0:  thread_safe (0.1.3) from /home/vikas/.rvm/gems/ruby-2.1.0/specifications/thread_safe-0.1.3.gemspec
I, [2014-01-03T11:35:50.669555 #8429]  INFO -- : 0:  tzinfo (0.3.38) from /home/vikas/.rvm/gems/ruby-2.1.0/specifications/tzinfo-0.3.38.gemspec
I, [2014-01-03T11:35:50.670193 #8429]  INFO -- : 0:  activesupport (4.0.2) from /home/vikas/.rvm/gems/ruby-2.1.0/specifications/activesupport-4.0.2.gemspec
I, [2014-01-03T11:35:50.670828 #8429]  INFO -- : 0:  builder (3.1.4) from /home/vikas/.rvm/gems/ruby-2.1.0/specifications/builder-3.1.4.gemspec
I, [2014-01-03T11:35:50.671486 #8429]  INFO -- : 0:  erubis (2.7.0) from /home/vikas/.rvm/gems/ruby-2.1.0/specifications/erubis-2.7.0.gemspec
I, [2014-01-03T11:35:50.672118 #8429]  INFO -- : 0:  rack (1.5.2) from /home/vikas/.rvm/gems/ruby-2.1.0/specifications/rack-1.5.2.gemspec
I, [2014-01-03T11:35:50.672748 #8429]  INFO -- : 0:  rack-test (0.6.2) from /home/vikas/.rvm/gems/ruby-2.1.0/specifications/rack-test-0.6.2.gemspec
I, [2014-01-03T11:35:50.673353 #8429]  INFO -- : 0:  actionpack (4.0.2) from /home/vikas/.rvm/gems/ruby-2.1.0/specifications/actionpack-4.0.2.gemspec
I, [2014-01-03T11:35:50.673997 #8429]  INFO -- : 0:  mime-types (1.25.1) from /home/vikas/.rvm/gems/ruby-2.1.0/specifications/mime-types-1.25.1.gemspec
I, [2014-01-03T11:35:50.674612 #8429]  INFO -- : 0:  polyglot (0.3.3) from /home/vikas/.rvm/gems/ruby-2.1.0/specifications/polyglot-0.3.3.gemspec
I, [2014-01-03T11:35:50.675300 #8429]  INFO -- : 0:  treetop (1.4.15) from /home/vikas/.rvm/gems/ruby-2.1.0/specifications/treetop-1.4.15.gemspec
I, [2014-01-03T11:35:50.675920 #8429]  INFO -- : 0:  mail (2.5.4) from /home/vikas/.rvm/gems/ruby-2.1.0/specifications/mail-2.5.4.gemspec
I, [2014-01-03T11:35:50.676560 #8429]  INFO -- : 0:  actionmailer (4.0.2) from /home/vikas/.rvm/gems/ruby-2.1.0/specifications/actionmailer-4.0.2.gemspec
I, [2014-01-03T11:35:50.677178 #8429]  INFO -- : 0:  activemodel (4.0.2) from /home/vikas/.rvm/gems/ruby-2.1.0/specifications/activemodel-4.0.2.gemspec
I, [2014-01-03T11:35:50.677828 #8429]  INFO -- : 0:  activerecord-deprecated_finders (1.0.3) from /home/vikas/.rvm/gems/ruby-2.1.0/specifications/activerecord-deprecated_finders-1.0.3.gemspec
I, [2014-01-03T11:35:50.678466 #8429]  INFO -- : 0:  arel (4.0.1) from /home/vikas/.rvm/gems/ruby-2.1.0/specifications/arel-4.0.1.gemspec
I, [2014-01-03T11:35:50.679163 #8429]  INFO -- : 0:  activerecord (4.0.2) from /home/vikas/.rvm/gems/ruby-2.1.0/specifications/activerecord-4.0.2.gemspec
I, [2014-01-03T11:35:50.679821 #8429]  INFO -- : 0:  bundler (1.5.0) from /home/vikas/.rvm/gems/ruby-2.1.0@global/specifications/bundler-1.5.0.gemspec
I, [2014-01-03T11:35:50.680489 #8429]  INFO -- : 0:  eventmachine (1.0.3) from /home/vikas/.rvm/gems/ruby-2.1.0/specifications/eventmachine-1.0.3.gemspec
I, [2014-01-03T11:35:50.681136 #8429]  INFO -- : 0:  http_parser.rb (0.5.3) from /home/vikas/.rvm/gems/ruby-2.1.0/specifications/http_parser.rb-0.5.3.gemspec
I, [2014-01-03T11:35:50.681796 #8429]  INFO -- : 0:  em-websocket (0.5.0) from /home/vikas/.rvm/gems/ruby-2.1.0/specifications/em-websocket-0.5.0.gemspec
I, [2014-01-03T11:35:50.682472 #8429]  INFO -- : 0:  hike (1.2.3) from /home/vikas/.rvm/gems/ruby-2.1.0/specifications/hike-1.2.3.gemspec
I, [2014-01-03T11:35:51.797032 #8429]  INFO -- : 0:  json (1.8.1) from /home/vikas/.rvm/gems/ruby-2.1.0/specifications/json-1.8.1.gemspec
I, [2014-01-03T11:35:51.797739 #8429]  INFO -- : 0:  thor (0.18.1) from /home/vikas/.rvm/gems/ruby-2.1.0/specifications/thor-0.18.1.gemspec
I, [2014-01-03T11:35:51.798115 #8429]  INFO -- : 0:  railties (4.0.2) from /home/vikas/.rvm/gems/ruby-2.1.0/specifications/railties-4.0.2.gemspec
I, [2014-01-03T11:35:51.798478 #8429]  INFO -- : 0:  tilt (1.4.1) from /home/vikas/.rvm/gems/ruby-2.1.0/specifications/tilt-1.4.1.gemspec
I, [2014-01-03T11:35:51.798861 #8429]  INFO -- : 0:  sprockets (2.10.1) from /home/vikas/.rvm/gems/ruby-2.1.0/specifications/sprockets-2.10.1.gemspec
I, [2014-01-03T11:35:51.799260 #8429]  INFO -- : 0:  sprockets-rails (2.0.1) from /home/vikas/.rvm/gems/ruby-2.1.0/specifications/sprockets-rails-2.0.1.gemspec
I, [2014-01-03T11:35:51.799608 #8429]  INFO -- : 0:  rails (4.0.2) from /home/vikas/.rvm/gems/ruby-2.1.0/specifications/rails-4.0.2.gemspec
I, [2014-01-03T11:35:51.799945 #8429]  INFO -- : 0:  redis (3.0.6) from /home/vikas/.rvm/gems/ruby-2.1.0/specifications/redis-3.0.6.gemspec
I, [2014-01-03T11:35:51.800289 #8429]  INFO -- : 0:  sqlite3 (1.3.8) from /home/vikas/.rvm/gems/ruby-2.1.0/specifications/sqlite3-1.3.8.gemspec
I, [2014-01-03T11:35:53.765492 #8532]  INFO -- : 0:  rake (10.1.1) from /home/vikas/.rvm/gems/ruby-2.1.0/specifications/rake-10.1.1.gemspec
I, [2014-01-03T11:35:53.766059 #8532]  INFO -- : 0:  i18n (0.6.9) from /home/vikas/.rvm/gems/ruby-2.1.0/specifications/i18n-0.6.9.gemspec
I, [2014-01-03T11:35:53.868896 #8532]  INFO -- : 0:  minitest (4.7.5) from /home/vikas/.rvm/gems/ruby-2.1.0/specifications/minitest-4.7.5.gemspec
I, [2014-01-03T11:35:53.869895 #8532]  INFO -- : 0:  multi_json (1.8.2) from /home/vikas/.rvm/gems/ruby-2.1.0/specifications/multi_json-1.8.2.gemspec
I, [2014-01-03T11:35:53.870543 #8532]  INFO -- : 0:  atomic (1.1.14) from /home/vikas/.rvm/gems/ruby-2.1.0/specifications/atomic-1.1.14.gemspec
I, [2014-01-03T11:35:53.871246 #8532]  INFO -- : 0:  thread_safe (0.1.3) from /home/vikas/.rvm/gems/ruby-2.1.0/specifications/thread_safe-0.1.3.gemspec
I, [2014-01-03T11:35:53.871996 #8532]  INFO -- : 0:  tzinfo (0.3.38) from /home/vikas/.rvm/gems/ruby-2.1.0/specifications/tzinfo-0.3.38.gemspec
I, [2014-01-03T11:35:53.872685 #8532]  INFO -- : 0:  activesupport (4.0.2) from /home/vikas/.rvm/gems/ruby-2.1.0/specifications/activesupport-4.0.2.gemspec
I, [2014-01-03T11:35:53.873384 #8532]  INFO -- : 0:  builder (3.1.4) from /home/vikas/.rvm/gems/ruby-2.1.0/specifications/builder-3.1.4.gemspec
I, [2014-01-03T11:35:53.874025 #8532]  INFO -- : 0:  erubis (2.7.0) from /home/vikas/.rvm/gems/ruby-2.1.0/specifications/erubis-2.7.0.gemspec
I, [2014-01-03T11:35:53.874646 #8532]  INFO -- : 0:  rack (1.5.2) from /home/vikas/.rvm/gems/ruby-2.1.0/specifications/rack-1.5.2.gemspec
I, [2014-01-03T11:35:53.875317 #8532]  INFO -- : 0:  rack-test (0.6.2) from /home/vikas/.rvm/gems/ruby-2.1.0/specifications/rack-test-0.6.2.gemspec
I, [2014-01-03T11:35:53.875977 #8532]  INFO -- : 0:  actionpack (4.0.2) from /home/vikas/.rvm/gems/ruby-2.1.0/specifications/actionpack-4.0.2.gemspec
I, [2014-01-03T11:35:53.876630 #8532]  INFO -- : 0:  mime-types (1.25.1) from /home/vikas/.rvm/gems/ruby-2.1.0/specifications/mime-types-1.25.1.gemspec
I, [2014-01-03T11:35:53.877281 #8532]  INFO -- : 0:  polyglot (0.3.3) from /home/vikas/.rvm/gems/ruby-2.1.0/specifications/polyglot-0.3.3.gemspec
I, [2014-01-03T11:35:53.877941 #8532]  INFO -- : 0:  treetop (1.4.15) from /home/vikas/.rvm/gems/ruby-2.1.0/specifications/treetop-1.4.15.gemspec
I, [2014-01-03T11:35:53.878623 #8532]  INFO -- : 0:  mail (2.5.4) from /home/vikas/.rvm/gems/ruby-2.1.0/specifications/mail-2.5.4.gemspec
I, [2014-01-03T11:35:53.879441 #8532]  INFO -- : 0:  actionmailer (4.0.2) from /home/vikas/.rvm/gems/ruby-2.1.0/specifications/actionmailer-4.0.2.gemspec
I, [2014-01-03T11:35:53.880195 #8532]  INFO -- : 0:  activemodel (4.0.2) from /home/vikas/.rvm/gems/ruby-2.1.0/specifications/activemodel-4.0.2.gemspec
I, [2014-01-03T11:35:53.880895 #8532]  INFO -- : 0:  activerecord-deprecated_finders (1.0.3) from /home/vikas/.rvm/gems/ruby-2.1.0/specifications/activerecord-deprecated_finders-1.0.3.gemspec
I, [2014-01-03T11:35:53.881652 #8532]  INFO -- : 0:  arel (4.0.1) from /home/vikas/.rvm/gems/ruby-2.1.0/specifications/arel-4.0.1.gemspec
I, [2014-01-03T11:35:53.882455 #8532]  INFO -- : 0:  activerecord (4.0.2) from /home/vikas/.rvm/gems/ruby-2.1.0/specifications/activerecord-4.0.2.gemspec
I, [2014-01-03T11:35:53.883229 #8532]  INFO -- : 0:  eventmachine (1.0.3) from /home/vikas/.rvm/gems/ruby-2.1.0/specifications/eventmachine-1.0.3.gemspec
I, [2014-01-03T11:35:53.883976 #8532]  INFO -- : 0:  http_parser.rb (0.5.3) from /home/vikas/.rvm/gems/ruby-2.1.0/specifications/http_parser.rb-0.5.3.gemspec
I, [2014-01-03T11:35:53.884745 #8532]  INFO -- : 0:  em-websocket (0.5.0) from /home/vikas/.rvm/gems/ruby-2.1.0/specifications/em-websocket-0.5.0.gemspec
I, [2014-01-03T11:35:53.885494 #8532]  INFO -- : 0:  hike (1.2.3) from /home/vikas/.rvm/gems/ruby-2.1.0/specifications/hike-1.2.3.gemspec
I, [2014-01-03T11:35:54.977150 #8532]  INFO -- : 0:  json (1.8.1) from /home/vikas/.rvm/gems/ruby-2.1.0/specifications/json-1.8.1.gemspec
I, [2014-01-03T11:35:54.978548 #8532]  INFO -- : 0:  bundler (1.5.0) from /home/vikas/.rvm/gems/ruby-2.1.0@global/specifications/bundler-1.5.0.gemspec
I, [2014-01-03T11:35:54.979397 #8532]  INFO -- : 0:  thor (0.18.1) from /home/vikas/.rvm/gems/ruby-2.1.0/specifications/thor-0.18.1.gemspec
I, [2014-01-03T11:35:54.980028 #8532]  INFO -- : 0:  railties (4.0.2) from /home/vikas/.rvm/gems/ruby-2.1.0/specifications/railties-4.0.2.gemspec
I, [2014-01-03T11:35:54.980675 #8532]  INFO -- : 0:  tilt (1.4.1) from /home/vikas/.rvm/gems/ruby-2.1.0/specifications/tilt-1.4.1.gemspec
I, [2014-01-03T11:35:54.981309 #8532]  INFO -- : 0:  sprockets (2.10.1) from /home/vikas/.rvm/gems/ruby-2.1.0/specifications/sprockets-2.10.1.gemspec
I, [2014-01-03T11:35:54.981941 #8532]  INFO -- : 0:  sprockets-rails (2.0.1) from /home/vikas/.rvm/gems/ruby-2.1.0/specifications/sprockets-rails-2.0.1.gemspec
I, [2014-01-03T11:35:54.982582 #8532]  INFO -- : 0:  rails (4.0.2) from /home/vikas/.rvm/gems/ruby-2.1.0/specifications/rails-4.0.2.gemspec
I, [2014-01-03T11:35:54.983295 #8532]  INFO -- : 0:  redis (3.0.6) from /home/vikas/.rvm/gems/ruby-2.1.0/specifications/redis-3.0.6.gemspec
I, [2014-01-03T11:35:54.983971 #8532]  INFO -- : 0:  sqlite3 (1.3.8) from /home/vikas/.rvm/gems/ruby-2.1.0/specifications/sqlite3-1.3.8.gemspec
